2025-02-18 09:53:58,854 - INFO - Banking Producer started.
2025-02-18 09:53:58,854 - INFO - Generating transaction: {'account_id': '007034f7-c03c-41be-9ea0-d213f83976af', 'transaction_type': 'deposit', 'amount': 17.16}
2025-02-18 09:54:06,946 - INFO - Produced transaction: {'account_id': '007034f7-c03c-41be-9ea0-d213f83976af', 'transaction_type': 'deposit', 'amount': 17.16}
2025-02-18 09:54:10,951 - INFO - Generating transaction: {'account_id': '6587ccca-a02c-473a-8862-99297004ab6d', 'transaction_type': 'withdraw', 'amount': 625.64}
2025-02-18 09:54:10,958 - INFO - Produced transaction: {'account_id': '6587ccca-a02c-473a-8862-99297004ab6d', 'transaction_type': 'withdraw', 'amount': 625.64}
2025-02-18 09:54:14,964 - INFO - Generating transaction: {'account_id': '0b0bcd05-463b-4233-b943-41500f444acb', 'transaction_type': 'withdraw', 'amount': 44.62}
2025-02-18 09:54:14,972 - INFO - Produced transaction: {'account_id': '0b0bcd05-463b-4233-b943-41500f444acb', 'transaction_type': 'withdraw', 'amount': 44.62}
2025-02-18 09:54:18,977 - INFO - Generating transaction: {'account_id': '748f1231-50e5-47cc-a3e4-7744d32f5fe4', 'transaction_type': 'deposit', 'amount': 650.69}
2025-02-18 09:54:18,983 - INFO - Produced transaction: {'account_id': '748f1231-50e5-47cc-a3e4-7744d32f5fe4', 'transaction_type': 'deposit', 'amount': 650.69}
2025-02-18 09:54:22,989 - INFO - Generating transaction: {'account_id': '737804fb-4f57-4566-a361-7cfd1b31be52', 'transaction_type': 'withdraw', 'amount': 152.61}
2025-02-18 09:54:22,994 - INFO - Produced transaction: {'account_id': '737804fb-4f57-4566-a361-7cfd1b31be52', 'transaction_type': 'withdraw', 'amount': 152.61}
2025-02-18 09:54:27,000 - INFO - Generating transaction: {'account_id': 'cba06abf-5737-44dc-91ea-ff9d9caf6f92', 'transaction_type': 'low_balance', 'amount': 45.16}
2025-02-18 09:54:27,006 - INFO - Produced transaction: {'account_id': 'cba06abf-5737-44dc-91ea-ff9d9caf6f92', 'transaction_type': 'low_balance', 'amount': 45.16}
2025-02-18 09:54:31,006 - INFO - Generating transaction: {'account_id': '2f6de99b-c1cc-4224-809d-f7b81f9f2eed', 'transaction_type': 'withdraw', 'amount': 228.35}
2025-02-18 09:54:31,013 - INFO - Produced transaction: {'account_id': '2f6de99b-c1cc-4224-809d-f7b81f9f2eed', 'transaction_type': 'withdraw', 'amount': 228.35}
2025-02-18 09:54:35,019 - INFO - Generating transaction: {'account_id': '87dc7527-7488-45d3-afb9-0db15daca67f', 'transaction_type': 'low_balance', 'amount': 10.43}
2025-02-18 09:54:35,024 - INFO - Produced transaction: {'account_id': '87dc7527-7488-45d3-afb9-0db15daca67f', 'transaction_type': 'low_balance', 'amount': 10.43}
2025-02-18 09:54:39,030 - INFO - Generating transaction: {'account_id': 'ab3fef4f-a8df-4264-84e6-7784ab9eb0f2', 'transaction_type': 'low_balance', 'amount': 18.58}
2025-02-18 09:54:39,035 - INFO - Produced transaction: {'account_id': 'ab3fef4f-a8df-4264-84e6-7784ab9eb0f2', 'transaction_type': 'low_balance', 'amount': 18.58}
2025-02-18 09:54:43,041 - INFO - Generating transaction: {'account_id': '26bfe0e9-4117-432b-af13-540153e9c127', 'transaction_type': 'withdraw', 'amount': 396.68}
2025-02-18 09:54:43,046 - INFO - Produced transaction: {'account_id': '26bfe0e9-4117-432b-af13-540153e9c127', 'transaction_type': 'withdraw', 'amount': 396.68}
2025-02-18 09:54:47,052 - INFO - Generating transaction: {'account_id': 'd3a76993-d931-4d3b-94c7-e11f19dbea70', 'transaction_type': 'low_balance', 'amount': 12.11}
2025-02-18 09:54:47,058 - INFO - Produced transaction: {'account_id': 'd3a76993-d931-4d3b-94c7-e11f19dbea70', 'transaction_type': 'low_balance', 'amount': 12.11}
2025-02-18 09:54:51,063 - INFO - Generating transaction: {'account_id': '5e56aa88-83ad-44d3-a2de-bb5b563f56a2', 'transaction_type': 'withdraw', 'amount': 975.66}
2025-02-18 09:54:51,069 - INFO - Produced transaction: {'account_id': '5e56aa88-83ad-44d3-a2de-bb5b563f56a2', 'transaction_type': 'withdraw', 'amount': 975.66}
2025-02-18 09:54:55,070 - INFO - Generating transaction: {'account_id': '9c863dfb-a7ca-4e15-9b1f-88dd3cea4cb1', 'transaction_type': 'low_balance', 'amount': 46.07}
2025-02-18 09:54:55,075 - INFO - Produced transaction: {'account_id': '9c863dfb-a7ca-4e15-9b1f-88dd3cea4cb1', 'transaction_type': 'low_balance', 'amount': 46.07}
2025-02-18 09:54:59,077 - INFO - Generating transaction: {'account_id': 'c387af90-4b70-41be-bfbd-a2f4d7ddf3ed', 'transaction_type': 'deposit', 'amount': 89.34}
2025-02-18 09:54:59,081 - INFO - Produced transaction: {'account_id': 'c387af90-4b70-41be-bfbd-a2f4d7ddf3ed', 'transaction_type': 'deposit', 'amount': 89.34}
2025-02-18 09:55:03,087 - INFO - Generating transaction: {'account_id': '658b1be0-5f12-4d46-a923-881ad0972538', 'transaction_type': 'withdraw', 'amount': 505.15}
2025-02-18 09:55:03,092 - INFO - Produced transaction: {'account_id': '658b1be0-5f12-4d46-a923-881ad0972538', 'transaction_type': 'withdraw', 'amount': 505.15}
2025-02-18 09:55:07,098 - INFO - Generating transaction: {'account_id': '073bdda5-817d-486b-a51d-b8597659f288', 'transaction_type': 'withdraw', 'amount': 733.65}
2025-02-18 09:55:07,102 - INFO - Produced transaction: {'account_id': '073bdda5-817d-486b-a51d-b8597659f288', 'transaction_type': 'withdraw', 'amount': 733.65}
2025-02-18 09:55:11,108 - INFO - Generating transaction: {'account_id': '6849d2ea-48e5-4a15-a7fd-2d537057d43b', 'transaction_type': 'deposit', 'amount': 683.96}
2025-02-18 09:55:11,113 - INFO - Produced transaction: {'account_id': '6849d2ea-48e5-4a15-a7fd-2d537057d43b', 'transaction_type': 'deposit', 'amount': 683.96}
2025-02-18 09:55:15,116 - INFO - Generating transaction: {'account_id': '53ac78a3-5f74-450b-8106-1cf0af78c3fe', 'transaction_type': 'deposit', 'amount': 335.05}
2025-02-18 09:55:15,121 - INFO - Produced transaction: {'account_id': '53ac78a3-5f74-450b-8106-1cf0af78c3fe', 'transaction_type': 'deposit', 'amount': 335.05}
2025-02-18 09:55:19,127 - INFO - Generating transaction: {'account_id': '228a7652-6320-4d64-9c69-5dc7ad4ffcf2', 'transaction_type': 'low_balance', 'amount': 10.87}
2025-02-18 09:55:19,132 - INFO - Produced transaction: {'account_id': '228a7652-6320-4d64-9c69-5dc7ad4ffcf2', 'transaction_type': 'low_balance', 'amount': 10.87}
2025-02-18 09:55:23,137 - INFO - Generating transaction: {'account_id': 'd9d3c464-b8fb-4fe4-8330-781af85b09b7', 'transaction_type': 'deposit', 'amount': 697.92}
2025-02-18 09:55:23,143 - INFO - Produced transaction: {'account_id': 'd9d3c464-b8fb-4fe4-8330-781af85b09b7', 'transaction_type': 'deposit', 'amount': 697.92}
2025-02-18 09:55:27,146 - INFO - Generating transaction: {'account_id': '1338afa1-6453-4813-b1d3-1f98f195affd', 'transaction_type': 'low_balance', 'amount': 49.14}
2025-02-18 09:55:27,151 - INFO - Produced transaction: {'account_id': '1338afa1-6453-4813-b1d3-1f98f195affd', 'transaction_type': 'low_balance', 'amount': 49.14}
2025-02-18 09:55:31,155 - INFO - Generating transaction: {'account_id': 'fd406f49-27e3-4aed-b71f-6b93b0f9139f', 'transaction_type': 'low_balance', 'amount': 58.74}
2025-02-18 09:55:31,161 - INFO - Produced transaction: {'account_id': 'fd406f49-27e3-4aed-b71f-6b93b0f9139f', 'transaction_type': 'low_balance', 'amount': 58.74}
2025-02-18 09:55:35,165 - INFO - Generating transaction: {'account_id': 'c5d70faa-f3e8-4483-a35f-5c0b36a2c0f9', 'transaction_type': 'low_balance', 'amount': 75.06}
2025-02-18 09:55:35,176 - INFO - Produced transaction: {'account_id': 'c5d70faa-f3e8-4483-a35f-5c0b36a2c0f9', 'transaction_type': 'low_balance', 'amount': 75.06}
2025-02-18 10:29:03,078 - INFO - Banking Producer started.
2025-02-18 10:29:03,078 - INFO - Generating transaction: {'account_id': 'a729bc2b-af32-4053-9e34-12d96f28693d', 'transaction_type': 'deposit', 'amount': 14.13}
2025-02-18 10:29:10,133 - INFO - Produced transaction: {'account_id': 'a729bc2b-af32-4053-9e34-12d96f28693d', 'transaction_type': 'deposit', 'amount': 14.13}
2025-02-18 10:29:13,138 - INFO - Generating transaction: {'account_id': '62a73994-2430-418b-90fa-4583f31b8df0', 'transaction_type': 'withdraw', 'amount': 261.62}
2025-02-18 10:29:13,184 - INFO - Produced transaction: {'account_id': '62a73994-2430-418b-90fa-4583f31b8df0', 'transaction_type': 'withdraw', 'amount': 261.62}
2025-02-18 10:29:16,190 - INFO - Generating transaction: {'account_id': '2c1aa57b-d7c0-4dd0-b2c7-59a7129eae9f', 'transaction_type': 'checking_account', 'amount': 524.44}
2025-02-18 10:29:16,190 - ERROR - Invalid transaction type in transaction: {'account_id': '2c1aa57b-d7c0-4dd0-b2c7-59a7129eae9f', 'transaction_type': 'checking_account', 'amount': 524.44}
2025-02-18 10:29:19,196 - INFO - Generating transaction: {'account_id': 'c28bd0f7-0888-4b5f-8cf7-7abcd5abf34e', 'transaction_type': 'low_balance', 'amount': 74.17}
2025-02-18 10:29:19,202 - INFO - Produced transaction: {'account_id': 'c28bd0f7-0888-4b5f-8cf7-7abcd5abf34e', 'transaction_type': 'low_balance', 'amount': 74.17}
2025-02-18 10:29:22,205 - INFO - Generating transaction: {'account_id': '4d86e4a6-f0fe-496d-98b8-8dce30fa9c0d', 'transaction_type': 'low_balance', 'amount': 38.79}
2025-02-18 10:29:22,210 - INFO - Produced transaction: {'account_id': '4d86e4a6-f0fe-496d-98b8-8dce30fa9c0d', 'transaction_type': 'low_balance', 'amount': 38.79}
2025-02-18 10:29:25,212 - INFO - Generating transaction: {'account_id': '9bc3d5a0-b6c4-4cfb-82b3-9bac3e86d369', 'transaction_type': 'current_balance', 'amount': 835.3}
2025-02-18 10:29:25,213 - ERROR - Invalid transaction type in transaction: {'account_id': '9bc3d5a0-b6c4-4cfb-82b3-9bac3e86d369', 'transaction_type': 'current_balance', 'amount': 835.3}
2025-02-18 10:29:28,215 - INFO - Generating transaction: {'account_id': 'd23fd803-eafb-4498-9c99-1372931fd740', 'transaction_type': 'deposit', 'amount': 104.19}
2025-02-18 10:29:28,221 - INFO - Produced transaction: {'account_id': 'd23fd803-eafb-4498-9c99-1372931fd740', 'transaction_type': 'deposit', 'amount': 104.19}
2025-02-18 10:29:31,223 - INFO - Generating transaction: {'account_id': '800b46e8-9c16-4eb8-be60-b551236a22db', 'transaction_type': 'savings_account', 'amount': 93.04}
2025-02-18 10:29:31,224 - ERROR - Invalid transaction type in transaction: {'account_id': '800b46e8-9c16-4eb8-be60-b551236a22db', 'transaction_type': 'savings_account', 'amount': 93.04}
2025-02-18 10:29:34,226 - INFO - Generating transaction: {'account_id': 'ff8ff0b1-c297-41f0-89f2-e20841cdb45b', 'transaction_type': 'deposit', 'amount': 699.95}
2025-02-18 10:29:34,231 - INFO - Produced transaction: {'account_id': 'ff8ff0b1-c297-41f0-89f2-e20841cdb45b', 'transaction_type': 'deposit', 'amount': 699.95}
2025-02-18 10:29:37,234 - INFO - Generating transaction: {'account_id': '63bfba5c-6e80-4ea4-b52c-c7d59b07db98', 'transaction_type': 'withdraw', 'amount': 475.65}
2025-02-18 10:29:37,239 - INFO - Produced transaction: {'account_id': '63bfba5c-6e80-4ea4-b52c-c7d59b07db98', 'transaction_type': 'withdraw', 'amount': 475.65}
2025-02-18 10:29:40,244 - INFO - Generating transaction: {'account_id': '398e2987-a6b0-4274-824a-aee1517aa69d', 'transaction_type': 'withdraw', 'amount': 627.94}
2025-02-18 10:29:40,248 - INFO - Produced transaction: {'account_id': '398e2987-a6b0-4274-824a-aee1517aa69d', 'transaction_type': 'withdraw', 'amount': 627.94}
2025-02-18 10:29:43,254 - INFO - Generating transaction: {'account_id': 'd7f66ff7-9c35-4fc5-a532-2487fff320d3', 'transaction_type': 'deposit', 'amount': 162.67}
2025-02-18 10:29:43,259 - INFO - Produced transaction: {'account_id': 'd7f66ff7-9c35-4fc5-a532-2487fff320d3', 'transaction_type': 'deposit', 'amount': 162.67}
2025-02-18 10:29:46,262 - INFO - Generating transaction: {'account_id': 'a26725fa-a9c1-4be6-81ba-8b623959027b', 'transaction_type': 'withdraw', 'amount': 835.42}
2025-02-18 10:29:46,267 - INFO - Produced transaction: {'account_id': 'a26725fa-a9c1-4be6-81ba-8b623959027b', 'transaction_type': 'withdraw', 'amount': 835.42}
2025-02-18 10:29:49,271 - INFO - Generating transaction: {'account_id': 'e3631957-f638-4933-90b6-a6de64873cb7', 'transaction_type': 'deposit', 'amount': 794.51}
2025-02-18 10:29:49,276 - INFO - Produced transaction: {'account_id': 'e3631957-f638-4933-90b6-a6de64873cb7', 'transaction_type': 'deposit', 'amount': 794.51}
2025-02-18 10:29:52,279 - INFO - Generating transaction: {'account_id': '90ce0a7d-1bfa-41a1-bf6b-616a0b929226', 'transaction_type': 'low_balance', 'amount': 39.81}
2025-02-18 10:29:52,285 - INFO - Produced transaction: {'account_id': '90ce0a7d-1bfa-41a1-bf6b-616a0b929226', 'transaction_type': 'low_balance', 'amount': 39.81}
2025-02-18 10:29:55,291 - INFO - Generating transaction: {'account_id': '80a2b87b-7739-4d4d-8b53-c7328d99ac1e', 'transaction_type': 'withdraw', 'amount': 523.44}
2025-02-18 10:29:55,296 - INFO - Produced transaction: {'account_id': '80a2b87b-7739-4d4d-8b53-c7328d99ac1e', 'transaction_type': 'withdraw', 'amount': 523.44}
2025-02-18 10:29:58,302 - INFO - Generating transaction: {'account_id': '138440cd-4eea-4b91-b516-425741cae7af', 'transaction_type': 'savings_account', 'amount': 248.0}
2025-02-18 10:29:58,302 - ERROR - Invalid transaction type in transaction: {'account_id': '138440cd-4eea-4b91-b516-425741cae7af', 'transaction_type': 'savings_account', 'amount': 248.0}
2025-02-18 10:30:01,303 - INFO - Generating transaction: {'account_id': '869c1648-cbc9-4e57-b34a-573fb0337146', 'transaction_type': 'current_balance', 'amount': 161.11}
2025-02-18 10:30:01,304 - ERROR - Invalid transaction type in transaction: {'account_id': '869c1648-cbc9-4e57-b34a-573fb0337146', 'transaction_type': 'current_balance', 'amount': 161.11}
2025-02-18 10:34:14,138 - INFO - Banking Producer started.
2025-02-18 10:34:14,138 - INFO - Generating transaction: {'account_id': 'b75c6ac7-cf8c-41ed-ae5b-3342907195e8', 'transaction_type': 'deposit', 'amount': 640.37}
2025-02-18 10:34:14,164 - INFO - Produced transaction: {'account_id': 'b75c6ac7-cf8c-41ed-ae5b-3342907195e8', 'transaction_type': 'deposit', 'amount': 640.37}
2025-02-18 10:34:17,169 - INFO - Generating transaction: {'account_id': 'e96efd71-0f52-42fc-bed3-ddb68fcba92c', 'transaction_type': 'current_balance', 'amount': 523.27}
2025-02-18 10:34:17,176 - INFO - Produced transaction: {'account_id': 'e96efd71-0f52-42fc-bed3-ddb68fcba92c', 'transaction_type': 'current_balance', 'amount': 523.27}
2025-02-18 10:34:20,177 - INFO - Generating transaction: {'account_id': 'd623a400-6af5-4706-a65d-25b191545e1d', 'transaction_type': 'low_balance', 'amount': 17.16}
2025-02-18 10:34:20,183 - INFO - Produced transaction: {'account_id': 'd623a400-6af5-4706-a65d-25b191545e1d', 'transaction_type': 'low_balance', 'amount': 17.16}
2025-02-18 10:34:23,188 - INFO - Generating transaction: {'account_id': '26e81283-f2b4-42c4-867b-1be10936efc0', 'transaction_type': 'low_balance', 'amount': 53.53}
2025-02-18 10:34:23,194 - INFO - Produced transaction: {'account_id': '26e81283-f2b4-42c4-867b-1be10936efc0', 'transaction_type': 'low_balance', 'amount': 53.53}
2025-02-18 10:34:26,199 - INFO - Generating transaction: {'account_id': 'b23bb580-6791-47be-ab88-f4ea719e8c53', 'transaction_type': 'low_balance', 'amount': 65.99}
2025-02-18 10:34:26,204 - INFO - Produced transaction: {'account_id': 'b23bb580-6791-47be-ab88-f4ea719e8c53', 'transaction_type': 'low_balance', 'amount': 65.99}
2025-02-18 10:34:29,208 - INFO - Generating transaction: {'account_id': '6ba20893-b1f4-44d3-9beb-fd0230acdac7', 'transaction_type': 'low_balance', 'amount': 91.42}
2025-02-18 10:34:29,213 - INFO - Produced transaction: {'account_id': '6ba20893-b1f4-44d3-9beb-fd0230acdac7', 'transaction_type': 'low_balance', 'amount': 91.42}
2025-02-18 10:34:32,219 - INFO - Generating transaction: {'account_id': '864c8b2c-f2ff-4e76-a034-0094ed514b1e', 'transaction_type': 'withdraw', 'amount': 520.01}
2025-02-18 10:34:32,224 - INFO - Produced transaction: {'account_id': '864c8b2c-f2ff-4e76-a034-0094ed514b1e', 'transaction_type': 'withdraw', 'amount': 520.01}
2025-02-18 10:34:35,229 - INFO - Generating transaction: {'account_id': '276774fb-886a-437f-b775-35d782474f88', 'transaction_type': 'current_balance', 'amount': 843.44}
2025-02-18 10:34:35,236 - INFO - Produced transaction: {'account_id': '276774fb-886a-437f-b775-35d782474f88', 'transaction_type': 'current_balance', 'amount': 843.44}
2025-02-18 10:34:38,242 - INFO - Generating transaction: {'account_id': 'fdc1a1a2-d4be-4c64-8e43-0d91ee04d793', 'transaction_type': 'deposit', 'amount': 996.13}
2025-02-18 10:34:38,247 - INFO - Produced transaction: {'account_id': 'fdc1a1a2-d4be-4c64-8e43-0d91ee04d793', 'transaction_type': 'deposit', 'amount': 996.13}
2025-02-18 10:34:41,252 - INFO - Generating transaction: {'account_id': '66f19c5b-2f3e-42ae-b96a-43cf99bce4c0', 'transaction_type': 'savings_account', 'amount': 270.04}
2025-02-18 10:34:41,256 - INFO - Produced transaction: {'account_id': '66f19c5b-2f3e-42ae-b96a-43cf99bce4c0', 'transaction_type': 'savings_account', 'amount': 270.04}
2025-02-18 10:34:44,262 - INFO - Generating transaction: {'account_id': 'de331819-4383-4435-afef-75f43ee8f7ce', 'transaction_type': 'current_balance', 'amount': 85.89}
2025-02-18 10:34:44,267 - INFO - Produced transaction: {'account_id': 'de331819-4383-4435-afef-75f43ee8f7ce', 'transaction_type': 'current_balance', 'amount': 85.89}
2025-02-18 10:34:47,273 - INFO - Generating transaction: {'account_id': '2a156157-28e5-4f64-9b93-61e11cf32a8f', 'transaction_type': 'savings_account', 'amount': 116.7}
2025-02-18 10:34:47,277 - INFO - Produced transaction: {'account_id': '2a156157-28e5-4f64-9b93-61e11cf32a8f', 'transaction_type': 'savings_account', 'amount': 116.7}
2025-02-18 10:34:50,280 - INFO - Generating transaction: {'account_id': '772cd6f5-196b-44da-b74e-0c709a8c4f09', 'transaction_type': 'current_balance', 'amount': 562.33}
2025-02-18 10:34:50,288 - INFO - Produced transaction: {'account_id': '772cd6f5-196b-44da-b74e-0c709a8c4f09', 'transaction_type': 'current_balance', 'amount': 562.33}
2025-02-18 10:34:53,292 - INFO - Generating transaction: {'account_id': '504004a5-8d00-43b6-ac6f-19aed4b0c159', 'transaction_type': 'savings_account', 'amount': 265.52}
2025-02-18 10:34:53,297 - INFO - Produced transaction: {'account_id': '504004a5-8d00-43b6-ac6f-19aed4b0c159', 'transaction_type': 'savings_account', 'amount': 265.52}
2025-02-18 10:34:56,300 - INFO - Generating transaction: {'account_id': '5740d051-fc37-484b-9f4b-44bcac98b0c4', 'transaction_type': 'low_balance', 'amount': 42.79}
2025-02-18 10:34:56,305 - INFO - Produced transaction: {'account_id': '5740d051-fc37-484b-9f4b-44bcac98b0c4', 'transaction_type': 'low_balance', 'amount': 42.79}
2025-02-18 10:34:59,310 - INFO - Generating transaction: {'account_id': '071dbab6-79fb-41c0-a310-1ab7b4ff7711', 'transaction_type': 'deposit', 'amount': 393.76}
2025-02-18 10:34:59,314 - INFO - Produced transaction: {'account_id': '071dbab6-79fb-41c0-a310-1ab7b4ff7711', 'transaction_type': 'deposit', 'amount': 393.76}
2025-02-18 10:35:02,320 - INFO - Generating transaction: {'account_id': 'd76549d3-112a-4033-8fcb-fd8f90e59fe4', 'transaction_type': 'low_balance', 'amount': 13.32}
2025-02-18 10:35:02,325 - INFO - Produced transaction: {'account_id': 'd76549d3-112a-4033-8fcb-fd8f90e59fe4', 'transaction_type': 'low_balance', 'amount': 13.32}
2025-02-18 10:35:05,330 - INFO - Generating transaction: {'account_id': '8560696d-2f83-4c87-aa4b-23582bf9921e', 'transaction_type': 'deposit', 'amount': 658.53}
2025-02-18 10:35:05,334 - INFO - Produced transaction: {'account_id': '8560696d-2f83-4c87-aa4b-23582bf9921e', 'transaction_type': 'deposit', 'amount': 658.53}
2025-02-18 10:36:23,358 - INFO - Banking Producer started.
2025-02-18 10:36:23,358 - INFO - Generating transaction: {'account_id': '3ab3e285-d906-44fa-8741-e246cdbc32e1', 'transaction_type': 'current_balance', 'amount': 404.67}
2025-02-18 10:36:23,387 - INFO - Produced transaction: {'account_id': '3ab3e285-d906-44fa-8741-e246cdbc32e1', 'transaction_type': 'current_balance', 'amount': 404.67}
2025-02-18 10:36:26,392 - INFO - Generating transaction: {'account_id': '7ee77703-c7bf-4f57-9b70-bf5f86d5166a', 'transaction_type': 'checking_account', 'amount': 830.14}
2025-02-18 10:36:26,396 - INFO - Produced transaction: {'account_id': '7ee77703-c7bf-4f57-9b70-bf5f86d5166a', 'transaction_type': 'checking_account', 'amount': 830.14}
2025-02-18 10:36:29,400 - INFO - Generating transaction: {'account_id': '7a451857-1131-4f02-b036-c637233fc224', 'transaction_type': 'withdraw', 'amount': 787.21}
2025-02-18 10:36:29,405 - INFO - Produced transaction: {'account_id': '7a451857-1131-4f02-b036-c637233fc224', 'transaction_type': 'withdraw', 'amount': 787.21}
2025-02-18 10:36:32,411 - INFO - Generating transaction: {'account_id': '377d4a1b-1688-4443-9f83-e291d6926eef', 'transaction_type': 'low_balance', 'amount': 44.46}
2025-02-18 10:36:32,416 - INFO - Produced transaction: {'account_id': '377d4a1b-1688-4443-9f83-e291d6926eef', 'transaction_type': 'low_balance', 'amount': 44.46}
2025-02-18 10:36:35,421 - INFO - Generating transaction: {'account_id': '093536b9-81ea-4890-9dc5-db9a61609caf', 'transaction_type': 'low_balance', 'amount': 99.14}
2025-02-18 10:36:35,427 - INFO - Produced transaction: {'account_id': '093536b9-81ea-4890-9dc5-db9a61609caf', 'transaction_type': 'low_balance', 'amount': 99.14}
2025-02-18 10:36:38,432 - INFO - Generating transaction: {'account_id': 'fb2c3491-11cf-46f9-928f-c16f3b4e366d', 'transaction_type': 'savings_account', 'amount': 460.08}
2025-02-18 10:36:38,437 - INFO - Produced transaction: {'account_id': 'fb2c3491-11cf-46f9-928f-c16f3b4e366d', 'transaction_type': 'savings_account', 'amount': 460.08}
2025-02-18 10:36:41,442 - INFO - Generating transaction: {'account_id': '3da69e57-8afb-4ccf-a238-617b4394994b', 'transaction_type': 'savings_account', 'amount': 159.35}
2025-02-18 10:36:41,446 - INFO - Produced transaction: {'account_id': '3da69e57-8afb-4ccf-a238-617b4394994b', 'transaction_type': 'savings_account', 'amount': 159.35}
2025-02-18 10:36:44,451 - INFO - Generating transaction: {'account_id': '61f9f9ec-1cba-46d7-a0f9-045da28cb3d5', 'transaction_type': 'savings_account', 'amount': 949.81}
2025-02-18 10:36:44,455 - INFO - Produced transaction: {'account_id': '61f9f9ec-1cba-46d7-a0f9-045da28cb3d5', 'transaction_type': 'savings_account', 'amount': 949.81}
2025-02-18 10:36:47,460 - INFO - Generating transaction: {'account_id': 'cfb5531d-e8ab-4170-8ae4-6f652c6830ae', 'transaction_type': 'current_balance', 'amount': 955.59}
2025-02-18 10:36:47,465 - INFO - Produced transaction: {'account_id': 'cfb5531d-e8ab-4170-8ae4-6f652c6830ae', 'transaction_type': 'current_balance', 'amount': 955.59}
2025-02-18 10:36:50,467 - INFO - Generating transaction: {'account_id': 'f9c5d626-ea43-4c26-a0e8-8f4cf2662bd1', 'transaction_type': 'checking_account', 'amount': 790.2}
2025-02-18 10:36:50,472 - INFO - Produced transaction: {'account_id': 'f9c5d626-ea43-4c26-a0e8-8f4cf2662bd1', 'transaction_type': 'checking_account', 'amount': 790.2}
2025-02-18 10:36:53,474 - INFO - Generating transaction: {'account_id': 'e5c9a38d-7eec-4a6e-a257-65a99768c376', 'transaction_type': 'savings_account', 'amount': 875.02}
2025-02-18 10:36:53,478 - INFO - Produced transaction: {'account_id': 'e5c9a38d-7eec-4a6e-a257-65a99768c376', 'transaction_type': 'savings_account', 'amount': 875.02}
2025-02-18 10:36:56,483 - INFO - Generating transaction: {'account_id': '6efa8ea5-483d-4207-b64e-6388085563a5', 'transaction_type': 'deposit', 'amount': 437.57}
2025-02-18 10:36:56,487 - INFO - Produced transaction: {'account_id': '6efa8ea5-483d-4207-b64e-6388085563a5', 'transaction_type': 'deposit', 'amount': 437.57}
2025-02-18 10:36:59,492 - INFO - Generating transaction: {'account_id': '434dd1dc-1395-49a4-830d-0539502a26a3', 'transaction_type': 'withdraw', 'amount': 403.52}
2025-02-18 10:36:59,496 - INFO - Produced transaction: {'account_id': '434dd1dc-1395-49a4-830d-0539502a26a3', 'transaction_type': 'withdraw', 'amount': 403.52}
2025-02-18 10:37:02,500 - INFO - Generating transaction: {'account_id': '1cfc8db5-8852-45d0-98c5-6b5bafbc5e6d', 'transaction_type': 'savings_account', 'amount': 42.28}
2025-02-18 10:37:02,504 - INFO - Produced transaction: {'account_id': '1cfc8db5-8852-45d0-98c5-6b5bafbc5e6d', 'transaction_type': 'savings_account', 'amount': 42.28}
2025-02-18 10:37:05,510 - INFO - Generating transaction: {'account_id': 'f496c7e9-35a5-4bba-a2f2-b708aa27b535', 'transaction_type': 'checking_account', 'amount': 738.37}
2025-02-18 10:37:05,513 - INFO - Produced transaction: {'account_id': 'f496c7e9-35a5-4bba-a2f2-b708aa27b535', 'transaction_type': 'checking_account', 'amount': 738.37}
2025-02-18 10:37:08,514 - INFO - Generating transaction: {'account_id': '14c94235-7433-42aa-a930-912129d4398c', 'transaction_type': 'current_balance', 'amount': 636.2}
2025-02-18 10:37:08,519 - INFO - Produced transaction: {'account_id': '14c94235-7433-42aa-a930-912129d4398c', 'transaction_type': 'current_balance', 'amount': 636.2}
2025-02-18 10:37:11,524 - INFO - Generating transaction: {'account_id': 'b06aa0d7-87db-4d26-9ec0-aa60735efdef', 'transaction_type': 'current_balance', 'amount': 938.8}
2025-02-18 10:37:11,528 - INFO - Produced transaction: {'account_id': 'b06aa0d7-87db-4d26-9ec0-aa60735efdef', 'transaction_type': 'current_balance', 'amount': 938.8}
2025-02-18 10:37:14,534 - INFO - Generating transaction: {'account_id': '7e6ca9f3-9192-4ff6-ac55-a283283e81a4', 'transaction_type': 'deposit', 'amount': 700.6}
2025-02-18 10:37:14,538 - INFO - Produced transaction: {'account_id': '7e6ca9f3-9192-4ff6-ac55-a283283e81a4', 'transaction_type': 'deposit', 'amount': 700.6}
2025-02-18 10:37:17,544 - INFO - Generating transaction: {'account_id': '9ee902bf-fffc-4dfc-9811-9a742b44289f', 'transaction_type': 'current_balance', 'amount': 996.27}
2025-02-18 10:37:17,548 - INFO - Produced transaction: {'account_id': '9ee902bf-fffc-4dfc-9811-9a742b44289f', 'transaction_type': 'current_balance', 'amount': 996.27}
2025-02-18 10:37:20,552 - INFO - Generating transaction: {'account_id': 'd6b3a5d9-0319-4561-87ee-260d365507db', 'transaction_type': 'savings_account', 'amount': 504.5}
2025-02-18 10:37:20,556 - INFO - Produced transaction: {'account_id': 'd6b3a5d9-0319-4561-87ee-260d365507db', 'transaction_type': 'savings_account', 'amount': 504.5}
2025-02-18 10:37:23,561 - INFO - Generating transaction: {'account_id': '01987cfb-3f57-42ce-bcf0-b29cc1c3531a', 'transaction_type': 'savings_account', 'amount': 906.47}
2025-02-18 10:37:23,565 - INFO - Produced transaction: {'account_id': '01987cfb-3f57-42ce-bcf0-b29cc1c3531a', 'transaction_type': 'savings_account', 'amount': 906.47}
2025-02-18 10:37:26,571 - INFO - Generating transaction: {'account_id': '2a3a275b-3d24-4cab-9ead-1838c83ac457', 'transaction_type': 'withdraw', 'amount': 594.99}
2025-02-18 10:37:26,575 - INFO - Produced transaction: {'account_id': '2a3a275b-3d24-4cab-9ead-1838c83ac457', 'transaction_type': 'withdraw', 'amount': 594.99}
2025-02-18 10:37:29,576 - INFO - Generating transaction: {'account_id': '8da891ef-4fac-4dbc-814a-642ef13e0bdc', 'transaction_type': 'savings_account', 'amount': 954.73}
2025-02-18 10:37:29,580 - INFO - Produced transaction: {'account_id': '8da891ef-4fac-4dbc-814a-642ef13e0bdc', 'transaction_type': 'savings_account', 'amount': 954.73}
2025-02-18 10:37:32,586 - INFO - Generating transaction: {'account_id': '6a723bda-0206-4ac3-9719-d966bbf32091', 'transaction_type': 'checking_account', 'amount': 228.18}
2025-02-18 10:37:32,590 - INFO - Produced transaction: {'account_id': '6a723bda-0206-4ac3-9719-d966bbf32091', 'transaction_type': 'checking_account', 'amount': 228.18}
2025-02-18 10:37:35,591 - INFO - Generating transaction: {'account_id': 'a66719bd-53cf-4821-b364-cfa8814e4b79', 'transaction_type': 'savings_account', 'amount': 651.23}
2025-02-18 10:37:35,595 - INFO - Produced transaction: {'account_id': 'a66719bd-53cf-4821-b364-cfa8814e4b79', 'transaction_type': 'savings_account', 'amount': 651.23}
