2025-02-17 16:33:42,253 - INFO - Banking Producer started.
2025-02-17 16:33:42,253 - INFO - Generating transaction: {'account_id': '0db59929-d2eb-4597-a471-4107196c90b3', 'transaction_type': 'low_balance', 'amount': 18.29}
2025-02-17 16:33:42,313 - INFO - Produced transaction: {'account_id': '0db59929-d2eb-4597-a471-4107196c90b3', 'transaction_type': 'low_balance', 'amount': 18.29}
2025-02-17 16:33:46,319 - INFO - Generating transaction: {'account_id': '51ac071f-deb7-4634-8b98-9763b111df40', 'transaction_type': 'deposit', 'amount': 739.82}
2025-02-17 16:33:46,327 - INFO - Produced transaction: {'account_id': '51ac071f-deb7-4634-8b98-9763b111df40', 'transaction_type': 'deposit', 'amount': 739.82}
2025-02-17 16:33:50,332 - INFO - Generating transaction: {'account_id': '9001ddfa-325d-4f5a-b7b5-9e14bb3414a8', 'transaction_type': 'withdraw', 'amount': 95.89}
2025-02-17 16:33:50,338 - INFO - Produced transaction: {'account_id': '9001ddfa-325d-4f5a-b7b5-9e14bb3414a8', 'transaction_type': 'withdraw', 'amount': 95.89}
2025-02-17 16:33:54,341 - INFO - Generating transaction: {'account_id': '57935cad-a2bf-4261-9b9e-d565b2a62d32', 'transaction_type': 'low_balance', 'amount': 74.47}
2025-02-17 16:33:54,346 - INFO - Produced transaction: {'account_id': '57935cad-a2bf-4261-9b9e-d565b2a62d32', 'transaction_type': 'low_balance', 'amount': 74.47}
2025-02-17 16:33:58,352 - INFO - Generating transaction: {'account_id': '59566d76-e893-4fba-add5-3ba8877c5dbc', 'transaction_type': 'deposit', 'amount': 67.02}
2025-02-17 16:33:58,357 - INFO - Produced transaction: {'account_id': '59566d76-e893-4fba-add5-3ba8877c5dbc', 'transaction_type': 'deposit', 'amount': 67.02}
2025-02-17 16:34:02,363 - INFO - Generating transaction: {'account_id': 'c65467db-3416-4fbb-8ae5-4376eae2b694', 'transaction_type': 'low_balance', 'amount': 71.49}
2025-02-17 16:34:02,369 - INFO - Produced transaction: {'account_id': 'c65467db-3416-4fbb-8ae5-4376eae2b694', 'transaction_type': 'low_balance', 'amount': 71.49}
2025-02-17 16:34:06,375 - INFO - Generating transaction: {'account_id': '4ff8e2d3-e760-43dc-a91b-7b2eafffc0f1', 'transaction_type': 'withdraw', 'amount': 131.56}
2025-02-17 16:34:06,380 - INFO - Produced transaction: {'account_id': '4ff8e2d3-e760-43dc-a91b-7b2eafffc0f1', 'transaction_type': 'withdraw', 'amount': 131.56}
2025-02-17 16:34:10,383 - INFO - Generating transaction: {'account_id': '3415aacd-67f1-4216-8066-d2e1b74db6c2', 'transaction_type': 'withdraw', 'amount': 422.27}
2025-02-17 16:34:10,390 - INFO - Produced transaction: {'account_id': '3415aacd-67f1-4216-8066-d2e1b74db6c2', 'transaction_type': 'withdraw', 'amount': 422.27}
2025-02-17 16:34:14,394 - INFO - Generating transaction: {'account_id': 'f40596f2-6fcb-46a2-acd0-306b93e7cf0f', 'transaction_type': 'deposit', 'amount': 651.06}
2025-02-17 16:34:14,400 - INFO - Produced transaction: {'account_id': 'f40596f2-6fcb-46a2-acd0-306b93e7cf0f', 'transaction_type': 'deposit', 'amount': 651.06}
2025-02-17 16:34:18,405 - INFO - Generating transaction: {'account_id': '6f95bca1-1fe3-462b-bad3-03b55ccc3008', 'transaction_type': 'withdraw', 'amount': 746.74}
2025-02-17 16:34:18,413 - INFO - Produced transaction: {'account_id': '6f95bca1-1fe3-462b-bad3-03b55ccc3008', 'transaction_type': 'withdraw', 'amount': 746.74}
2025-02-17 16:34:22,418 - INFO - Generating transaction: {'account_id': 'df7d850f-c3ef-4b23-be95-f50fba62a947', 'transaction_type': 'low_balance', 'amount': 70.75}
2025-02-17 16:34:22,424 - INFO - Produced transaction: {'account_id': 'df7d850f-c3ef-4b23-be95-f50fba62a947', 'transaction_type': 'low_balance', 'amount': 70.75}
2025-02-17 16:34:26,430 - INFO - Generating transaction: {'account_id': 'd9ed13c6-9691-4c39-9355-2ed059f9d8dc', 'transaction_type': 'withdraw', 'amount': 664.95}
2025-02-17 16:34:26,434 - INFO - Produced transaction: {'account_id': 'd9ed13c6-9691-4c39-9355-2ed059f9d8dc', 'transaction_type': 'withdraw', 'amount': 664.95}
2025-02-17 16:34:30,440 - INFO - Generating transaction: {'account_id': '823982fa-cde3-408c-a6b8-9889d2094db5', 'transaction_type': 'withdraw', 'amount': 807.68}
2025-02-17 16:34:30,446 - INFO - Produced transaction: {'account_id': '823982fa-cde3-408c-a6b8-9889d2094db5', 'transaction_type': 'withdraw', 'amount': 807.68}
