2025-02-17 12:36:18.617 | INFO     | utils.utils_logger:<module>:38 - Logging to file: logs/project_log.log
2025-02-17 12:36:18.618 | INFO     | __main__:<module>:68 - Project root: /Users/nollettecs/Desktop/44671_module6/buzzline-06-nollette
2025-02-17 12:36:18.618 | INFO     | __main__:<module>:72 - Data folder: /Users/nollettecs/Desktop/44671_module6/buzzline-06-nollette/data
2025-02-17 12:36:18.618 | INFO     | __main__:<module>:76 - Data file: /Users/nollettecs/Desktop/44671_module6/buzzline-06-nollette/data/buzz.json
2025-02-17 12:36:18.618 | INFO     | __main__:main:136 - START producer.
2025-02-17 12:36:18.618 | INFO     | utils.utils_producer:get_zookeeper_address:57 - Zookeeper address: localhost:2181
2025-02-17 12:36:18.622 | INFO     | utils.utils_producer:check_zookeeper_service_is_ready:79 - Zookeeper is ready at localhost:2181.
2025-02-17 12:36:18.622 | INFO     | utils.utils_producer:get_kafka_broker_address:50 - Kafka broker address: localhost:9092
2025-02-17 12:36:19.015 | INFO     | utils.utils_producer:check_kafka_service_is_ready:98 - Kafka is ready. Brokers: {'throttle_time_ms': 0, 'brokers': [{'node_id': 0, 'host': 'mac.lan', 'port': 9092, 'rack': None}], 'cluster_id': 'S1EN9onKTNi1lyvf3wFNGA', 'controller_id': 0}
2025-02-17 12:36:19.017 | INFO     | __main__:get_kafka_topic:50 - Kafka topic: buzzline_json
2025-02-17 12:36:19.017 | INFO     | __main__:get_message_interval:57 - Message interval: 1 seconds
2025-02-17 12:36:19.017 | INFO     | utils.utils_producer:get_kafka_broker_address:50 - Kafka broker address: localhost:9092
2025-02-17 12:36:19.017 | INFO     | utils.utils_producer:create_kafka_producer:146 - Connecting to Kafka broker at localhost:9092...
2025-02-17 12:36:19.138 | INFO     | utils.utils_producer:create_kafka_producer:151 - Kafka producer successfully created.
2025-02-17 12:36:19.138 | INFO     | utils.utils_producer:get_kafka_broker_address:50 - Kafka broker address: localhost:9092
2025-02-17 12:36:19.481 | INFO     | utils.utils_producer:create_kafka_topic:172 - Topic 'buzzline_json' already exists. Clearing it out...
2025-02-17 12:36:19.481 | INFO     | utils.utils_producer:get_kafka_broker_address:50 - Kafka broker address: localhost:9092
2025-02-17 12:36:19.850 | ERROR    | utils.utils_producer:clear_kafka_topic:235 - Error managing retention for topic 'buzzline_json': list indices must be integers or slices, not ConfigResource
2025-02-17 12:36:19.851 | INFO     | __main__:main:159 - Kafka topic 'buzzline_json' is ready.
2025-02-17 12:36:19.851 | INFO     | __main__:main:165 - Starting message production to topic 'buzzline_json'...
2025-02-17 12:36:19.851 | INFO     | __main__:generate_messages:95 - Opening data file in read mode: /Users/nollettecs/Desktop/44671_module6/buzzline-06-nollette/data/buzz.json
2025-02-17 12:36:19.851 | INFO     | __main__:generate_messages:97 - Reading data from file: /Users/nollettecs/Desktop/44671_module6/buzzline-06-nollette/data/buzz.json
2025-02-17 12:36:19.852 | INFO     | __main__:main:170 - Sent message to topic 'buzzline_json': {'message': 'Data engineering is my passion.', 'author': 'Eve'}
2025-02-17 12:36:20.858 | INFO     | __main__:main:170 - Sent message to topic 'buzzline_json': {'message': 'Distributed systems are fascinating.', 'author': 'Alice'}
2025-02-17 12:36:21.864 | INFO     | __main__:main:170 - Sent message to topic 'buzzline_json': {'message': 'Have a great day!', 'author': 'Charlie'}
2025-02-17 12:36:22.870 | INFO     | __main__:main:170 - Sent message to topic 'buzzline_json': {'message': 'Data engineering is my passion.', 'author': 'Alice'}
2025-02-17 12:36:23.875 | INFO     | __main__:main:170 - Sent message to topic 'buzzline_json': {'message': 'Distributed systems are fascinating.', 'author': 'Diana'}
2025-02-17 12:36:24.882 | INFO     | __main__:main:170 - Sent message to topic 'buzzline_json': {'message': 'Buzz messages for everyone.', 'author': 'Alice'}
2025-02-17 12:36:25.884 | INFO     | __main__:main:170 - Sent message to topic 'buzzline_json': {'message': 'Hello, Kafka world!', 'author': 'Diana'}
2025-02-17 12:36:26.885 | INFO     | __main__:main:170 - Sent message to topic 'buzzline_json': {'message': 'This is a buzz message.', 'author': 'Eve'}
2025-02-17 12:36:27.892 | INFO     | __main__:main:170 - Sent message to topic 'buzzline_json': {'message': 'JSON makes life easier.', 'author': 'Eve'}
2025-02-17 12:36:28.896 | INFO     | __main__:main:170 - Sent message to topic 'buzzline_json': {'message': 'JSON makes life easier.', 'author': 'Alice'}
2025-02-17 12:36:29.903 | INFO     | __main__:main:170 - Sent message to topic 'buzzline_json': {'message': 'Data engineering is my passion.', 'author': 'Diana'}
2025-02-17 12:36:30.906 | INFO     | __main__:main:170 - Sent message to topic 'buzzline_json': {'message': 'JSON makes life easier.', 'author': 'Diana'}
2025-02-17 12:36:31.908 | INFO     | __main__:main:170 - Sent message to topic 'buzzline_json': {'message': 'Kafka is awesome.', 'author': 'Charlie'}
2025-02-17 12:36:32.914 | INFO     | __main__:main:170 - Sent message to topic 'buzzline_json': {'message': 'JSON makes life easier.', 'author': 'Bob'}
2025-02-17 12:36:33.920 | INFO     | __main__:main:170 - Sent message to topic 'buzzline_json': {'message': 'I love Python!', 'author': 'Bob'}
2025-02-17 12:36:34.922 | INFO     | __main__:main:170 - Sent message to topic 'buzzline_json': {'message': 'This is a buzz message.', 'author': 'Eve'}
2025-02-17 12:36:35.925 | INFO     | __main__:main:170 - Sent message to topic 'buzzline_json': {'message': 'I love Python!', 'author': 'Eve'}
2025-02-17 12:36:36.929 | INFO     | __main__:main:170 - Sent message to topic 'buzzline_json': {'message': 'Buzz messages for everyone.', 'author': 'Alice'}
2025-02-17 12:36:37.934 | INFO     | __main__:main:170 - Sent message to topic 'buzzline_json': {'message': 'This is a buzz message.', 'author': 'Alice'}
2025-02-17 12:36:38.941 | INFO     | __main__:main:170 - Sent message to topic 'buzzline_json': {'message': 'Data engineering is my passion.', 'author': 'Diana'}
2025-02-17 12:36:39.948 | INFO     | __main__:main:170 - Sent message to topic 'buzzline_json': {'message': 'I love Python!', 'author': 'Eve'}
2025-02-17 12:36:40.952 | INFO     | __main__:main:170 - Sent message to topic 'buzzline_json': {'message': 'JSON makes life easier.', 'author': 'Charlie'}
2025-02-17 12:36:41.959 | INFO     | __main__:main:170 - Sent message to topic 'buzzline_json': {'message': 'Have a great day!', 'author': 'Bob'}
2025-02-17 12:36:42.965 | INFO     | __main__:main:170 - Sent message to topic 'buzzline_json': {'message': 'Data engineering is my passion.', 'author': 'Alice'}
2025-02-17 12:36:43.971 | INFO     | __main__:main:170 - Sent message to topic 'buzzline_json': {'message': 'Kafka is awesome.', 'author': 'Diana'}
2025-02-17 12:36:44.975 | INFO     | __main__:main:170 - Sent message to topic 'buzzline_json': {'message': 'Kafka is awesome.', 'author': 'Diana'}
2025-02-17 12:36:45.982 | INFO     | __main__:main:170 - Sent message to topic 'buzzline_json': {'message': 'Hello, Kafka world!', 'author': 'Bob'}
2025-02-17 12:36:46.988 | INFO     | __main__:main:170 - Sent message to topic 'buzzline_json': {'message': 'Distributed systems are fascinating.', 'author': 'Diana'}
2025-02-17 12:36:47.992 | INFO     | __main__:main:170 - Sent message to topic 'buzzline_json': {'message': 'I love Python!', 'author': 'Diana'}
2025-02-17 12:36:48.998 | INFO     | __main__:main:170 - Sent message to topic 'buzzline_json': {'message': 'Have a great day!', 'author': 'Alice'}
2025-02-17 12:36:49.999 | INFO     | __main__:main:170 - Sent message to topic 'buzzline_json': {'message': 'Hello, Kafka world!', 'author': 'Charlie'}
2025-02-17 12:36:51.005 | INFO     | __main__:main:170 - Sent message to topic 'buzzline_json': {'message': 'JSON makes life easier.', 'author': 'Diana'}
2025-02-17 12:36:52.011 | INFO     | __main__:main:170 - Sent message to topic 'buzzline_json': {'message': 'I love Python!', 'author': 'Bob'}
2025-02-17 12:36:53.018 | INFO     | __main__:main:170 - Sent message to topic 'buzzline_json': {'message': 'Have a great day!', 'author': 'Diana'}
2025-02-17 12:36:54.024 | INFO     | __main__:main:170 - Sent message to topic 'buzzline_json': {'message': 'Hello, Kafka world!', 'author': 'Alice'}
2025-02-17 12:36:55.031 | INFO     | __main__:main:170 - Sent message to topic 'buzzline_json': {'message': 'JSON makes life easier.', 'author': 'Alice'}
2025-02-17 12:36:56.034 | INFO     | __main__:main:170 - Sent message to topic 'buzzline_json': {'message': 'Buzz messages for everyone.', 'author': 'Charlie'}
2025-02-17 12:36:57.041 | INFO     | __main__:main:170 - Sent message to topic 'buzzline_json': {'message': 'Buzz messages for everyone.', 'author': 'Bob'}
2025-02-17 12:36:58.045 | INFO     | __main__:main:170 - Sent message to topic 'buzzline_json': {'message': 'Streaming data is fun.', 'author': 'Diana'}
2025-02-17 12:36:59.049 | INFO     | __main__:main:170 - Sent message to topic 'buzzline_json': {'message': 'Have a great day!', 'author': 'Diana'}
2025-02-17 12:37:00.055 | INFO     | __main__:main:170 - Sent message to topic 'buzzline_json': {'message': 'I love Python!', 'author': 'Alice'}
2025-02-17 12:37:00.309 | INFO     | utils.utils_logger:<module>:38 - Logging to file: logs/project_log.log
2025-02-17 12:37:00.310 | INFO     | __main__:main:124 - START consumer.
2025-02-17 12:37:00.310 | INFO     | __main__:get_kafka_topic:46 - Kafka topic: buzzline_json
2025-02-17 12:37:00.310 | INFO     | __main__:get_kafka_consumer_group_id:53 - Kafka consumer group id: buzz_group
2025-02-17 12:37:00.310 | INFO     | __main__:main:129 - Consumer: Topic 'buzzline_json' and group 'buzz_group'...
2025-02-17 12:37:00.310 | INFO     | utils.utils_producer:get_kafka_broker_address:50 - Kafka broker address: localhost:9092
2025-02-17 12:37:00.310 | INFO     | utils.utils_consumer:create_kafka_consumer:44 - Creating Kafka consumer. Topic='buzzline_json' and group ID='buzz_group'.
2025-02-17 12:37:00.420 | INFO     | utils.utils_consumer:create_kafka_consumer:59 - Kafka consumer created successfully.
2025-02-17 12:37:00.421 | INFO     | __main__:main:135 - Polling messages from topic 'buzzline_json'...
2025-02-17 12:37:00.729 | INFO     | __main__:process_message:89 - Processed JSON message: {'message': 'Data engineering is my passion.', 'author': 'Eve'}
2025-02-17 12:37:00.729 | INFO     | __main__:process_message:95 - Message received from author: Eve
2025-02-17 12:37:00.729 | INFO     | __main__:process_message:101 - Updated author counts: {'Eve': 1}
2025-02-17 12:37:00.729 | INFO     | __main__:process_message:89 - Processed JSON message: {'message': 'Distributed systems are fascinating.', 'author': 'Alice'}
2025-02-17 12:37:00.729 | INFO     | __main__:process_message:95 - Message received from author: Alice
2025-02-17 12:37:00.729 | INFO     | __main__:process_message:101 - Updated author counts: {'Eve': 1, 'Alice': 1}
2025-02-17 12:37:00.730 | INFO     | __main__:process_message:89 - Processed JSON message: {'message': 'Have a great day!', 'author': 'Charlie'}
2025-02-17 12:37:00.730 | INFO     | __main__:process_message:95 - Message received from author: Charlie
2025-02-17 12:37:00.730 | INFO     | __main__:process_message:101 - Updated author counts: {'Eve': 1, 'Alice': 1, 'Charlie': 1}
2025-02-17 12:37:00.730 | INFO     | __main__:process_message:89 - Processed JSON message: {'message': 'Data engineering is my passion.', 'author': 'Alice'}
2025-02-17 12:37:00.730 | INFO     | __main__:process_message:95 - Message received from author: Alice
2025-02-17 12:37:00.730 | INFO     | __main__:process_message:101 - Updated author counts: {'Eve': 1, 'Alice': 2, 'Charlie': 1}
2025-02-17 12:37:00.730 | INFO     | __main__:process_message:89 - Processed JSON message: {'message': 'Distributed systems are fascinating.', 'author': 'Diana'}
2025-02-17 12:37:00.730 | INFO     | __main__:process_message:95 - Message received from author: Diana
2025-02-17 12:37:00.730 | INFO     | __main__:process_message:101 - Updated author counts: {'Eve': 1, 'Alice': 2, 'Charlie': 1, 'Diana': 1}
2025-02-17 12:37:00.730 | INFO     | __main__:process_message:89 - Processed JSON message: {'message': 'Buzz messages for everyone.', 'author': 'Alice'}
2025-02-17 12:37:00.730 | INFO     | __main__:process_message:95 - Message received from author: Alice
2025-02-17 12:37:00.730 | INFO     | __main__:process_message:101 - Updated author counts: {'Eve': 1, 'Alice': 3, 'Charlie': 1, 'Diana': 1}
2025-02-17 12:37:00.730 | INFO     | __main__:process_message:89 - Processed JSON message: {'message': 'Hello, Kafka world!', 'author': 'Diana'}
2025-02-17 12:37:00.730 | INFO     | __main__:process_message:95 - Message received from author: Diana
2025-02-17 12:37:00.730 | INFO     | __main__:process_message:101 - Updated author counts: {'Eve': 1, 'Alice': 3, 'Charlie': 1, 'Diana': 2}
2025-02-17 12:37:00.730 | INFO     | __main__:process_message:89 - Processed JSON message: {'message': 'This is a buzz message.', 'author': 'Eve'}
2025-02-17 12:37:00.730 | INFO     | __main__:process_message:95 - Message received from author: Eve
2025-02-17 12:37:00.730 | INFO     | __main__:process_message:101 - Updated author counts: {'Eve': 2, 'Alice': 3, 'Charlie': 1, 'Diana': 2}
2025-02-17 12:37:00.730 | INFO     | __main__:process_message:89 - Processed JSON message: {'message': 'JSON makes life easier.', 'author': 'Eve'}
2025-02-17 12:37:00.730 | INFO     | __main__:process_message:95 - Message received from author: Eve
2025-02-17 12:37:00.730 | INFO     | __main__:process_message:101 - Updated author counts: {'Eve': 3, 'Alice': 3, 'Charlie': 1, 'Diana': 2}
2025-02-17 12:37:00.731 | INFO     | __main__:process_message:89 - Processed JSON message: {'message': 'JSON makes life easier.', 'author': 'Alice'}
2025-02-17 12:37:00.731 | INFO     | __main__:process_message:95 - Message received from author: Alice
2025-02-17 12:37:00.731 | INFO     | __main__:process_message:101 - Updated author counts: {'Eve': 3, 'Alice': 4, 'Charlie': 1, 'Diana': 2}
2025-02-17 12:37:00.731 | INFO     | __main__:process_message:89 - Processed JSON message: {'message': 'Data engineering is my passion.', 'author': 'Diana'}
2025-02-17 12:37:00.731 | INFO     | __main__:process_message:95 - Message received from author: Diana
2025-02-17 12:37:00.731 | INFO     | __main__:process_message:101 - Updated author counts: {'Eve': 3, 'Alice': 4, 'Charlie': 1, 'Diana': 3}
2025-02-17 12:37:00.731 | INFO     | __main__:process_message:89 - Processed JSON message: {'message': 'JSON makes life easier.', 'author': 'Diana'}
2025-02-17 12:37:00.731 | INFO     | __main__:process_message:95 - Message received from author: Diana
2025-02-17 12:37:00.731 | INFO     | __main__:process_message:101 - Updated author counts: {'Eve': 3, 'Alice': 4, 'Charlie': 1, 'Diana': 4}
2025-02-17 12:37:00.731 | INFO     | __main__:process_message:89 - Processed JSON message: {'message': 'Kafka is awesome.', 'author': 'Charlie'}
2025-02-17 12:37:00.731 | INFO     | __main__:process_message:95 - Message received from author: Charlie
2025-02-17 12:37:00.731 | INFO     | __main__:process_message:101 - Updated author counts: {'Eve': 3, 'Alice': 4, 'Charlie': 2, 'Diana': 4}
2025-02-17 12:37:00.731 | INFO     | __main__:process_message:89 - Processed JSON message: {'message': 'JSON makes life easier.', 'author': 'Bob'}
2025-02-17 12:37:00.731 | INFO     | __main__:process_message:95 - Message received from author: Bob
2025-02-17 12:37:00.731 | INFO     | __main__:process_message:101 - Updated author counts: {'Eve': 3, 'Alice': 4, 'Charlie': 2, 'Diana': 4, 'Bob': 1}
2025-02-17 12:37:00.731 | INFO     | __main__:process_message:89 - Processed JSON message: {'message': 'I love Python!', 'author': 'Bob'}
2025-02-17 12:37:00.731 | INFO     | __main__:process_message:95 - Message received from author: Bob
2025-02-17 12:37:00.731 | INFO     | __main__:process_message:101 - Updated author counts: {'Eve': 3, 'Alice': 4, 'Charlie': 2, 'Diana': 4, 'Bob': 2}
2025-02-17 12:37:00.731 | INFO     | __main__:process_message:89 - Processed JSON message: {'message': 'This is a buzz message.', 'author': 'Eve'}
2025-02-17 12:37:00.731 | INFO     | __main__:process_message:95 - Message received from author: Eve
2025-02-17 12:37:00.731 | INFO     | __main__:process_message:101 - Updated author counts: {'Eve': 4, 'Alice': 4, 'Charlie': 2, 'Diana': 4, 'Bob': 2}
2025-02-17 12:37:00.731 | INFO     | __main__:process_message:89 - Processed JSON message: {'message': 'I love Python!', 'author': 'Eve'}
2025-02-17 12:37:00.731 | INFO     | __main__:process_message:95 - Message received from author: Eve
2025-02-17 12:37:00.731 | INFO     | __main__:process_message:101 - Updated author counts: {'Eve': 5, 'Alice': 4, 'Charlie': 2, 'Diana': 4, 'Bob': 2}
2025-02-17 12:37:00.731 | INFO     | __main__:process_message:89 - Processed JSON message: {'message': 'Buzz messages for everyone.', 'author': 'Alice'}
2025-02-17 12:37:00.731 | INFO     | __main__:process_message:95 - Message received from author: Alice
2025-02-17 12:37:00.731 | INFO     | __main__:process_message:101 - Updated author counts: {'Eve': 5, 'Alice': 5, 'Charlie': 2, 'Diana': 4, 'Bob': 2}
2025-02-17 12:37:00.731 | INFO     | __main__:process_message:89 - Processed JSON message: {'message': 'This is a buzz message.', 'author': 'Alice'}
2025-02-17 12:37:00.731 | INFO     | __main__:process_message:95 - Message received from author: Alice
2025-02-17 12:37:00.731 | INFO     | __main__:process_message:101 - Updated author counts: {'Eve': 5, 'Alice': 6, 'Charlie': 2, 'Diana': 4, 'Bob': 2}
2025-02-17 12:37:00.731 | INFO     | __main__:process_message:89 - Processed JSON message: {'message': 'Data engineering is my passion.', 'author': 'Diana'}
2025-02-17 12:37:00.731 | INFO     | __main__:process_message:95 - Message received from author: Diana
2025-02-17 12:37:00.731 | INFO     | __main__:process_message:101 - Updated author counts: {'Eve': 5, 'Alice': 6, 'Charlie': 2, 'Diana': 5, 'Bob': 2}
2025-02-17 12:37:00.732 | INFO     | __main__:process_message:89 - Processed JSON message: {'message': 'I love Python!', 'author': 'Eve'}
2025-02-17 12:37:00.732 | INFO     | __main__:process_message:95 - Message received from author: Eve
2025-02-17 12:37:00.732 | INFO     | __main__:process_message:101 - Updated author counts: {'Eve': 6, 'Alice': 6, 'Charlie': 2, 'Diana': 5, 'Bob': 2}
2025-02-17 12:37:00.732 | INFO     | __main__:process_message:89 - Processed JSON message: {'message': 'JSON makes life easier.', 'author': 'Charlie'}
2025-02-17 12:37:00.732 | INFO     | __main__:process_message:95 - Message received from author: Charlie
2025-02-17 12:37:00.732 | INFO     | __main__:process_message:101 - Updated author counts: {'Eve': 6, 'Alice': 6, 'Charlie': 3, 'Diana': 5, 'Bob': 2}
2025-02-17 12:37:00.732 | INFO     | __main__:process_message:89 - Processed JSON message: {'message': 'Have a great day!', 'author': 'Bob'}
2025-02-17 12:37:00.732 | INFO     | __main__:process_message:95 - Message received from author: Bob
2025-02-17 12:37:00.732 | INFO     | __main__:process_message:101 - Updated author counts: {'Eve': 6, 'Alice': 6, 'Charlie': 3, 'Diana': 5, 'Bob': 3}
2025-02-17 12:37:00.732 | INFO     | __main__:process_message:89 - Processed JSON message: {'message': 'Data engineering is my passion.', 'author': 'Alice'}
2025-02-17 12:37:00.732 | INFO     | __main__:process_message:95 - Message received from author: Alice
2025-02-17 12:37:00.732 | INFO     | __main__:process_message:101 - Updated author counts: {'Eve': 6, 'Alice': 7, 'Charlie': 3, 'Diana': 5, 'Bob': 3}
2025-02-17 12:37:00.732 | INFO     | __main__:process_message:89 - Processed JSON message: {'message': 'Kafka is awesome.', 'author': 'Diana'}
2025-02-17 12:37:00.732 | INFO     | __main__:process_message:95 - Message received from author: Diana
2025-02-17 12:37:00.732 | INFO     | __main__:process_message:101 - Updated author counts: {'Eve': 6, 'Alice': 7, 'Charlie': 3, 'Diana': 6, 'Bob': 3}
2025-02-17 12:37:00.732 | INFO     | __main__:process_message:89 - Processed JSON message: {'message': 'Kafka is awesome.', 'author': 'Diana'}
2025-02-17 12:37:00.732 | INFO     | __main__:process_message:95 - Message received from author: Diana
2025-02-17 12:37:00.732 | INFO     | __main__:process_message:101 - Updated author counts: {'Eve': 6, 'Alice': 7, 'Charlie': 3, 'Diana': 7, 'Bob': 3}
2025-02-17 12:37:00.732 | INFO     | __main__:process_message:89 - Processed JSON message: {'message': 'Hello, Kafka world!', 'author': 'Bob'}
2025-02-17 12:37:00.732 | INFO     | __main__:process_message:95 - Message received from author: Bob
2025-02-17 12:37:00.732 | INFO     | __main__:process_message:101 - Updated author counts: {'Eve': 6, 'Alice': 7, 'Charlie': 3, 'Diana': 7, 'Bob': 4}
2025-02-17 12:37:00.732 | INFO     | __main__:process_message:89 - Processed JSON message: {'message': 'Distributed systems are fascinating.', 'author': 'Diana'}
2025-02-17 12:37:00.732 | INFO     | __main__:process_message:95 - Message received from author: Diana
2025-02-17 12:37:00.732 | INFO     | __main__:process_message:101 - Updated author counts: {'Eve': 6, 'Alice': 7, 'Charlie': 3, 'Diana': 8, 'Bob': 4}
2025-02-17 12:37:00.732 | INFO     | __main__:process_message:89 - Processed JSON message: {'message': 'I love Python!', 'author': 'Diana'}
2025-02-17 12:37:00.732 | INFO     | __main__:process_message:95 - Message received from author: Diana
2025-02-17 12:37:00.732 | INFO     | __main__:process_message:101 - Updated author counts: {'Eve': 6, 'Alice': 7, 'Charlie': 3, 'Diana': 9, 'Bob': 4}
2025-02-17 12:37:00.732 | INFO     | __main__:process_message:89 - Processed JSON message: {'message': 'Have a great day!', 'author': 'Alice'}
2025-02-17 12:37:00.732 | INFO     | __main__:process_message:95 - Message received from author: Alice
2025-02-17 12:37:00.732 | INFO     | __main__:process_message:101 - Updated author counts: {'Eve': 6, 'Alice': 8, 'Charlie': 3, 'Diana': 9, 'Bob': 4}
2025-02-17 12:37:00.733 | INFO     | __main__:process_message:89 - Processed JSON message: {'message': 'Hello, Kafka world!', 'author': 'Charlie'}
2025-02-17 12:37:00.733 | INFO     | __main__:process_message:95 - Message received from author: Charlie
2025-02-17 12:37:00.733 | INFO     | __main__:process_message:101 - Updated author counts: {'Eve': 6, 'Alice': 8, 'Charlie': 4, 'Diana': 9, 'Bob': 4}
2025-02-17 12:37:00.733 | INFO     | __main__:process_message:89 - Processed JSON message: {'message': 'JSON makes life easier.', 'author': 'Diana'}
2025-02-17 12:37:00.733 | INFO     | __main__:process_message:95 - Message received from author: Diana
2025-02-17 12:37:00.733 | INFO     | __main__:process_message:101 - Updated author counts: {'Eve': 6, 'Alice': 8, 'Charlie': 4, 'Diana': 10, 'Bob': 4}
2025-02-17 12:37:00.733 | INFO     | __main__:process_message:89 - Processed JSON message: {'message': 'I love Python!', 'author': 'Bob'}
2025-02-17 12:37:00.733 | INFO     | __main__:process_message:95 - Message received from author: Bob
2025-02-17 12:37:00.733 | INFO     | __main__:process_message:101 - Updated author counts: {'Eve': 6, 'Alice': 8, 'Charlie': 4, 'Diana': 10, 'Bob': 5}
2025-02-17 12:37:00.733 | INFO     | __main__:process_message:89 - Processed JSON message: {'message': 'Have a great day!', 'author': 'Diana'}
2025-02-17 12:37:00.733 | INFO     | __main__:process_message:95 - Message received from author: Diana
2025-02-17 12:37:00.733 | INFO     | __main__:process_message:101 - Updated author counts: {'Eve': 6, 'Alice': 8, 'Charlie': 4, 'Diana': 11, 'Bob': 5}
2025-02-17 12:37:00.733 | INFO     | __main__:process_message:89 - Processed JSON message: {'message': 'Hello, Kafka world!', 'author': 'Alice'}
2025-02-17 12:37:00.733 | INFO     | __main__:process_message:95 - Message received from author: Alice
2025-02-17 12:37:00.733 | INFO     | __main__:process_message:101 - Updated author counts: {'Eve': 6, 'Alice': 9, 'Charlie': 4, 'Diana': 11, 'Bob': 5}
2025-02-17 12:37:00.733 | INFO     | __main__:process_message:89 - Processed JSON message: {'message': 'JSON makes life easier.', 'author': 'Alice'}
2025-02-17 12:37:00.733 | INFO     | __main__:process_message:95 - Message received from author: Alice
2025-02-17 12:37:00.733 | INFO     | __main__:process_message:101 - Updated author counts: {'Eve': 6, 'Alice': 10, 'Charlie': 4, 'Diana': 11, 'Bob': 5}
2025-02-17 12:37:00.733 | INFO     | __main__:process_message:89 - Processed JSON message: {'message': 'Buzz messages for everyone.', 'author': 'Charlie'}
2025-02-17 12:37:00.733 | INFO     | __main__:process_message:95 - Message received from author: Charlie
2025-02-17 12:37:00.733 | INFO     | __main__:process_message:101 - Updated author counts: {'Eve': 6, 'Alice': 10, 'Charlie': 5, 'Diana': 11, 'Bob': 5}
2025-02-17 12:37:00.733 | INFO     | __main__:process_message:89 - Processed JSON message: {'message': 'Buzz messages for everyone.', 'author': 'Bob'}
2025-02-17 12:37:00.733 | INFO     | __main__:process_message:95 - Message received from author: Bob
2025-02-17 12:37:00.733 | INFO     | __main__:process_message:101 - Updated author counts: {'Eve': 6, 'Alice': 10, 'Charlie': 5, 'Diana': 11, 'Bob': 6}
2025-02-17 12:37:00.733 | INFO     | __main__:process_message:89 - Processed JSON message: {'message': 'Streaming data is fun.', 'author': 'Diana'}
2025-02-17 12:37:00.733 | INFO     | __main__:process_message:95 - Message received from author: Diana
2025-02-17 12:37:00.733 | INFO     | __main__:process_message:101 - Updated author counts: {'Eve': 6, 'Alice': 10, 'Charlie': 5, 'Diana': 12, 'Bob': 6}
2025-02-17 12:37:00.733 | INFO     | __main__:process_message:89 - Processed JSON message: {'message': 'Have a great day!', 'author': 'Diana'}
2025-02-17 12:37:00.733 | INFO     | __main__:process_message:95 - Message received from author: Diana
2025-02-17 12:37:00.733 | INFO     | __main__:process_message:101 - Updated author counts: {'Eve': 6, 'Alice': 10, 'Charlie': 5, 'Diana': 13, 'Bob': 6}
2025-02-17 12:37:00.733 | INFO     | __main__:process_message:89 - Processed JSON message: {'message': 'I love Python!', 'author': 'Alice'}
2025-02-17 12:37:00.734 | INFO     | __main__:process_message:95 - Message received from author: Alice
2025-02-17 12:37:00.734 | INFO     | __main__:process_message:101 - Updated author counts: {'Eve': 6, 'Alice': 11, 'Charlie': 5, 'Diana': 13, 'Bob': 6}
2025-02-17 12:37:01.061 | INFO     | __main__:main:170 - Sent message to topic 'buzzline_json': {'message': 'Streaming data is fun.', 'author': 'Charlie'}
2025-02-17 12:37:01.069 | INFO     | __main__:process_message:89 - Processed JSON message: {'message': 'Streaming data is fun.', 'author': 'Charlie'}
2025-02-17 12:37:01.069 | INFO     | __main__:process_message:95 - Message received from author: Charlie
2025-02-17 12:37:01.070 | INFO     | __main__:process_message:101 - Updated author counts: {'Eve': 6, 'Alice': 11, 'Charlie': 6, 'Diana': 13, 'Bob': 6}
2025-02-17 12:37:02.067 | INFO     | __main__:main:170 - Sent message to topic 'buzzline_json': {'message': 'Kafka is awesome.', 'author': 'Alice'}
2025-02-17 12:37:02.081 | INFO     | __main__:process_message:89 - Processed JSON message: {'message': 'Kafka is awesome.', 'author': 'Alice'}
2025-02-17 12:37:02.081 | INFO     | __main__:process_message:95 - Message received from author: Alice
2025-02-17 12:37:02.081 | INFO     | __main__:process_message:101 - Updated author counts: {'Eve': 6, 'Alice': 12, 'Charlie': 6, 'Diana': 13, 'Bob': 6}
2025-02-17 12:37:03.074 | INFO     | __main__:main:170 - Sent message to topic 'buzzline_json': {'message': 'Kafka is awesome.', 'author': 'Diana'}
2025-02-17 12:37:03.084 | INFO     | __main__:process_message:89 - Processed JSON message: {'message': 'Kafka is awesome.', 'author': 'Diana'}
2025-02-17 12:37:03.084 | INFO     | __main__:process_message:95 - Message received from author: Diana
2025-02-17 12:37:03.084 | INFO     | __main__:process_message:101 - Updated author counts: {'Eve': 6, 'Alice': 12, 'Charlie': 6, 'Diana': 14, 'Bob': 6}
2025-02-17 12:37:04.076 | INFO     | __main__:main:170 - Sent message to topic 'buzzline_json': {'message': 'Kafka is awesome.', 'author': 'Alice'}
2025-02-17 12:37:04.087 | INFO     | __main__:process_message:89 - Processed JSON message: {'message': 'Kafka is awesome.', 'author': 'Alice'}
2025-02-17 12:37:04.087 | INFO     | __main__:process_message:95 - Message received from author: Alice
2025-02-17 12:37:04.087 | INFO     | __main__:process_message:101 - Updated author counts: {'Eve': 6, 'Alice': 13, 'Charlie': 6, 'Diana': 14, 'Bob': 6}
2025-02-17 12:37:05.080 | INFO     | __main__:main:170 - Sent message to topic 'buzzline_json': {'message': 'JSON makes life easier.', 'author': 'Bob'}
2025-02-17 12:37:05.087 | INFO     | __main__:process_message:89 - Processed JSON message: {'message': 'JSON makes life easier.', 'author': 'Bob'}
2025-02-17 12:37:05.088 | INFO     | __main__:process_message:95 - Message received from author: Bob
2025-02-17 12:37:05.088 | INFO     | __main__:process_message:101 - Updated author counts: {'Eve': 6, 'Alice': 13, 'Charlie': 6, 'Diana': 14, 'Bob': 7}
2025-02-17 12:37:06.086 | INFO     | __main__:main:170 - Sent message to topic 'buzzline_json': {'message': 'This is a buzz message.', 'author': 'Bob'}
2025-02-17 12:37:06.097 | INFO     | __main__:process_message:89 - Processed JSON message: {'message': 'This is a buzz message.', 'author': 'Bob'}
2025-02-17 12:37:06.097 | INFO     | __main__:process_message:95 - Message received from author: Bob
2025-02-17 12:37:06.097 | INFO     | __main__:process_message:101 - Updated author counts: {'Eve': 6, 'Alice': 13, 'Charlie': 6, 'Diana': 14, 'Bob': 8}
2025-02-17 12:37:07.092 | INFO     | __main__:main:170 - Sent message to topic 'buzzline_json': {'message': 'Streaming data is fun.', 'author': 'Diana'}
2025-02-17 12:37:07.101 | INFO     | __main__:process_message:89 - Processed JSON message: {'message': 'Streaming data is fun.', 'author': 'Diana'}
2025-02-17 12:37:07.101 | INFO     | __main__:process_message:95 - Message received from author: Diana
2025-02-17 12:37:07.101 | INFO     | __main__:process_message:101 - Updated author counts: {'Eve': 6, 'Alice': 13, 'Charlie': 6, 'Diana': 15, 'Bob': 8}
2025-02-17 12:37:08.095 | INFO     | __main__:main:170 - Sent message to topic 'buzzline_json': {'message': 'Have a great day!', 'author': 'Bob'}
2025-02-17 12:37:08.112 | INFO     | __main__:process_message:89 - Processed JSON message: {'message': 'Have a great day!', 'author': 'Bob'}
2025-02-17 12:37:08.112 | INFO     | __main__:process_message:95 - Message received from author: Bob
2025-02-17 12:37:08.112 | INFO     | __main__:process_message:101 - Updated author counts: {'Eve': 6, 'Alice': 13, 'Charlie': 6, 'Diana': 15, 'Bob': 9}
2025-02-17 12:37:09.108 | INFO     | __main__:main:170 - Sent message to topic 'buzzline_json': {'message': 'This is a buzz message.', 'author': 'Eve'}
2025-02-17 12:37:09.119 | INFO     | __main__:process_message:89 - Processed JSON message: {'message': 'This is a buzz message.', 'author': 'Eve'}
2025-02-17 12:37:09.119 | INFO     | __main__:process_message:95 - Message received from author: Eve
2025-02-17 12:37:09.119 | INFO     | __main__:process_message:101 - Updated author counts: {'Eve': 7, 'Alice': 13, 'Charlie': 6, 'Diana': 15, 'Bob': 9}
2025-02-17 12:37:10.115 | INFO     | __main__:main:170 - Sent message to topic 'buzzline_json': {'message': 'Hello, Kafka world!', 'author': 'Bob'}
2025-02-17 12:37:10.123 | INFO     | __main__:process_message:89 - Processed JSON message: {'message': 'Hello, Kafka world!', 'author': 'Bob'}
2025-02-17 12:37:10.123 | INFO     | __main__:process_message:95 - Message received from author: Bob
2025-02-17 12:37:10.123 | INFO     | __main__:process_message:101 - Updated author counts: {'Eve': 7, 'Alice': 13, 'Charlie': 6, 'Diana': 15, 'Bob': 10}
2025-02-17 12:37:11.121 | INFO     | __main__:main:170 - Sent message to topic 'buzzline_json': {'message': 'This is a buzz message.', 'author': 'Alice'}
2025-02-17 12:37:11.131 | INFO     | __main__:process_message:89 - Processed JSON message: {'message': 'This is a buzz message.', 'author': 'Alice'}
2025-02-17 12:37:11.132 | INFO     | __main__:process_message:95 - Message received from author: Alice
2025-02-17 12:37:11.132 | INFO     | __main__:process_message:101 - Updated author counts: {'Eve': 7, 'Alice': 14, 'Charlie': 6, 'Diana': 15, 'Bob': 10}
2025-02-17 12:37:12.127 | INFO     | __main__:main:170 - Sent message to topic 'buzzline_json': {'message': 'Streaming data is fun.', 'author': 'Eve'}
2025-02-17 12:37:12.136 | INFO     | __main__:process_message:89 - Processed JSON message: {'message': 'Streaming data is fun.', 'author': 'Eve'}
2025-02-17 12:37:12.136 | INFO     | __main__:process_message:95 - Message received from author: Eve
2025-02-17 12:37:12.136 | INFO     | __main__:process_message:101 - Updated author counts: {'Eve': 8, 'Alice': 14, 'Charlie': 6, 'Diana': 15, 'Bob': 10}
2025-02-17 12:37:13.132 | INFO     | __main__:main:170 - Sent message to topic 'buzzline_json': {'message': 'Kafka is awesome.', 'author': 'Alice'}
2025-02-17 12:37:13.142 | INFO     | __main__:process_message:89 - Processed JSON message: {'message': 'Kafka is awesome.', 'author': 'Alice'}
2025-02-17 12:37:13.142 | INFO     | __main__:process_message:95 - Message received from author: Alice
2025-02-17 12:37:13.142 | INFO     | __main__:process_message:101 - Updated author counts: {'Eve': 8, 'Alice': 15, 'Charlie': 6, 'Diana': 15, 'Bob': 10}
2025-02-17 12:37:14.138 | INFO     | __main__:main:170 - Sent message to topic 'buzzline_json': {'message': 'JSON makes life easier.', 'author': 'Bob'}
2025-02-17 12:37:14.148 | INFO     | __main__:process_message:89 - Processed JSON message: {'message': 'JSON makes life easier.', 'author': 'Bob'}
2025-02-17 12:37:14.148 | INFO     | __main__:process_message:95 - Message received from author: Bob
2025-02-17 12:37:14.148 | INFO     | __main__:process_message:101 - Updated author counts: {'Eve': 8, 'Alice': 15, 'Charlie': 6, 'Diana': 15, 'Bob': 11}
2025-02-17 12:37:15.142 | INFO     | __main__:main:170 - Sent message to topic 'buzzline_json': {'message': 'This is a buzz message.', 'author': 'Charlie'}
2025-02-17 12:37:15.151 | INFO     | __main__:process_message:89 - Processed JSON message: {'message': 'This is a buzz message.', 'author': 'Charlie'}
2025-02-17 12:37:15.151 | INFO     | __main__:process_message:95 - Message received from author: Charlie
2025-02-17 12:37:15.152 | INFO     | __main__:process_message:101 - Updated author counts: {'Eve': 8, 'Alice': 15, 'Charlie': 7, 'Diana': 15, 'Bob': 11}
2025-02-17 12:37:16.149 | INFO     | __main__:main:170 - Sent message to topic 'buzzline_json': {'message': 'Have a great day!', 'author': 'Diana'}
2025-02-17 12:37:16.157 | INFO     | __main__:process_message:89 - Processed JSON message: {'message': 'Have a great day!', 'author': 'Diana'}
2025-02-17 12:37:16.157 | INFO     | __main__:process_message:95 - Message received from author: Diana
2025-02-17 12:37:16.157 | INFO     | __main__:process_message:101 - Updated author counts: {'Eve': 8, 'Alice': 15, 'Charlie': 7, 'Diana': 16, 'Bob': 11}
2025-02-17 12:37:17.152 | INFO     | __main__:main:170 - Sent message to topic 'buzzline_json': {'message': 'Distributed systems are fascinating.', 'author': 'Bob'}
2025-02-17 12:37:17.262 | INFO     | __main__:process_message:89 - Processed JSON message: {'message': 'Distributed systems are fascinating.', 'author': 'Bob'}
2025-02-17 12:37:17.262 | INFO     | __main__:process_message:95 - Message received from author: Bob
2025-02-17 12:37:17.262 | INFO     | __main__:process_message:101 - Updated author counts: {'Eve': 8, 'Alice': 15, 'Charlie': 7, 'Diana': 16, 'Bob': 12}
2025-02-17 12:37:18.159 | INFO     | __main__:main:170 - Sent message to topic 'buzzline_json': {'message': 'Kafka is awesome.', 'author': 'Alice'}
2025-02-17 12:37:18.187 | INFO     | __main__:process_message:89 - Processed JSON message: {'message': 'Kafka is awesome.', 'author': 'Alice'}
2025-02-17 12:37:18.187 | INFO     | __main__:process_message:95 - Message received from author: Alice
2025-02-17 12:37:18.187 | INFO     | __main__:process_message:101 - Updated author counts: {'Eve': 8, 'Alice': 16, 'Charlie': 7, 'Diana': 16, 'Bob': 12}
2025-02-17 12:37:19.166 | INFO     | __main__:main:170 - Sent message to topic 'buzzline_json': {'message': 'Streaming data is fun.', 'author': 'Alice'}
2025-02-17 12:37:19.178 | INFO     | __main__:process_message:89 - Processed JSON message: {'message': 'Streaming data is fun.', 'author': 'Alice'}
2025-02-17 12:37:19.178 | INFO     | __main__:process_message:95 - Message received from author: Alice
2025-02-17 12:37:19.178 | INFO     | __main__:process_message:101 - Updated author counts: {'Eve': 8, 'Alice': 17, 'Charlie': 7, 'Diana': 16, 'Bob': 12}
2025-02-17 12:37:20.169 | INFO     | __main__:main:170 - Sent message to topic 'buzzline_json': {'message': 'Have a great day!', 'author': 'Diana'}
2025-02-17 12:37:20.181 | INFO     | __main__:process_message:89 - Processed JSON message: {'message': 'Have a great day!', 'author': 'Diana'}
2025-02-17 12:37:20.181 | INFO     | __main__:process_message:95 - Message received from author: Diana
2025-02-17 12:37:20.181 | INFO     | __main__:process_message:101 - Updated author counts: {'Eve': 8, 'Alice': 17, 'Charlie': 7, 'Diana': 17, 'Bob': 12}
2025-02-17 12:37:21.176 | INFO     | __main__:main:170 - Sent message to topic 'buzzline_json': {'message': 'Streaming data is fun.', 'author': 'Alice'}
2025-02-17 12:37:21.190 | INFO     | __main__:process_message:89 - Processed JSON message: {'message': 'Streaming data is fun.', 'author': 'Alice'}
2025-02-17 12:37:21.191 | INFO     | __main__:process_message:95 - Message received from author: Alice
2025-02-17 12:37:21.191 | INFO     | __main__:process_message:101 - Updated author counts: {'Eve': 8, 'Alice': 18, 'Charlie': 7, 'Diana': 17, 'Bob': 12}
2025-02-17 12:37:22.178 | INFO     | __main__:main:170 - Sent message to topic 'buzzline_json': {'message': 'This is a buzz message.', 'author': 'Diana'}
2025-02-17 12:37:22.182 | INFO     | __main__:process_message:89 - Processed JSON message: {'message': 'This is a buzz message.', 'author': 'Diana'}
2025-02-17 12:37:22.182 | INFO     | __main__:process_message:95 - Message received from author: Diana
2025-02-17 12:37:22.182 | INFO     | __main__:process_message:101 - Updated author counts: {'Eve': 8, 'Alice': 18, 'Charlie': 7, 'Diana': 18, 'Bob': 12}
2025-02-17 12:37:23.183 | INFO     | __main__:main:170 - Sent message to topic 'buzzline_json': {'message': 'Data engineering is my passion.', 'author': 'Bob'}
2025-02-17 12:37:23.197 | INFO     | __main__:process_message:89 - Processed JSON message: {'message': 'Data engineering is my passion.', 'author': 'Bob'}
2025-02-17 12:37:23.197 | INFO     | __main__:process_message:95 - Message received from author: Bob
2025-02-17 12:37:23.197 | INFO     | __main__:process_message:101 - Updated author counts: {'Eve': 8, 'Alice': 18, 'Charlie': 7, 'Diana': 18, 'Bob': 13}
2025-02-17 12:37:24.190 | INFO     | __main__:main:170 - Sent message to topic 'buzzline_json': {'message': 'Have a great day!', 'author': 'Diana'}
2025-02-17 12:37:24.203 | INFO     | __main__:process_message:89 - Processed JSON message: {'message': 'Have a great day!', 'author': 'Diana'}
2025-02-17 12:37:24.203 | INFO     | __main__:process_message:95 - Message received from author: Diana
2025-02-17 12:37:24.203 | INFO     | __main__:process_message:101 - Updated author counts: {'Eve': 8, 'Alice': 18, 'Charlie': 7, 'Diana': 19, 'Bob': 13}
2025-02-17 12:37:25.194 | INFO     | __main__:main:170 - Sent message to topic 'buzzline_json': {'message': 'Kafka is awesome.', 'author': 'Alice'}
2025-02-17 12:37:25.202 | INFO     | __main__:process_message:89 - Processed JSON message: {'message': 'Kafka is awesome.', 'author': 'Alice'}
2025-02-17 12:37:25.202 | INFO     | __main__:process_message:95 - Message received from author: Alice
2025-02-17 12:37:25.202 | INFO     | __main__:process_message:101 - Updated author counts: {'Eve': 8, 'Alice': 19, 'Charlie': 7, 'Diana': 19, 'Bob': 13}
2025-02-17 12:37:26.200 | INFO     | __main__:main:170 - Sent message to topic 'buzzline_json': {'message': 'Kafka is awesome.', 'author': 'Eve'}
2025-02-17 12:37:26.207 | INFO     | __main__:process_message:89 - Processed JSON message: {'message': 'Kafka is awesome.', 'author': 'Eve'}
2025-02-17 12:37:26.207 | INFO     | __main__:process_message:95 - Message received from author: Eve
2025-02-17 12:37:26.207 | INFO     | __main__:process_message:101 - Updated author counts: {'Eve': 9, 'Alice': 19, 'Charlie': 7, 'Diana': 19, 'Bob': 13}
2025-02-17 12:37:27.206 | INFO     | __main__:main:170 - Sent message to topic 'buzzline_json': {'message': 'Have a great day!', 'author': 'Diana'}
